{
  "stats": {
    "suites": 1,
    "tests": 7,
    "passes": 7,
    "pending": 0,
    "failures": 0,
    "start": "2023-01-13T01:56:15.724Z",
    "end": "2023-01-13T01:56:30.379Z",
    "duration": 14655,
    "testsRegistered": 7,
    "passPercent": 100,
    "pendingPercent": 0,
    "other": 0,
    "hasOther": false,
    "skipped": 0,
    "hasSkipped": false
  },
  "results": [
    {
      "uuid": "d08aeac8-aea4-47c8-ba89-2c1913a39238",
      "title": "",
      "fullFile": "cypress\\e2e\\3-alura-pic\\alura-pic.cy.js",
      "file": "cypress\\e2e\\3-alura-pic\\alura-pic.cy.js",
      "beforeHooks": [],
      "afterHooks": [],
      "tests": [],
      "suites": [
        {
          "uuid": "ef16d7b5-c8fa-4d8f-b831-a4fe9db194f3",
          "title": "Login e registro de usuários Alura Pic",
          "fullFile": "",
          "file": "",
          "beforeHooks": [],
          "afterHooks": [],
          "tests": [
            {
              "title": "Verifica as mensagens de validação de login",
              "fullTitle": "Login e registro de usuários Alura Pic Verifica as mensagens de validação de login",
              "timedOut": null,
              "duration": 3448,
              "state": "passed",
              "speed": "fast",
              "pass": true,
              "fail": false,
              "pending": false,
              "context": null,
              "code": "cy.contains('a', 'Register now').click();\ncy.contains('button', 'Register').click();\ncy.contains('ap-vmessage', 'Email is required!').should('be.visible');\ncy.contains('button', 'Register').click();\ncy.contains('ap-vmessage', 'Full name is required!').should('be.visible');\ncy.contains('ap-vmessage', 'User name is required!').should('be.visible');\ncy.contains('ap-vmessage', 'Password is required!').should('be.visible');",
              "err": {},
              "uuid": "ff8ece9b-bedb-4234-b5a7-38a63b805724",
              "parentUUID": "ef16d7b5-c8fa-4d8f-b831-a4fe9db194f3",
              "isHook": false,
              "skipped": false
            },
            {
              "title": "Verifica a mensagem de e-mail inválido",
              "fullTitle": "Login e registro de usuários Alura Pic Verifica a mensagem de e-mail inválido",
              "timedOut": null,
              "duration": 1863,
              "state": "passed",
              "speed": "fast",
              "pass": true,
              "fail": false,
              "pending": false,
              "context": null,
              "code": "cy.contains('a', 'Register now').click();\ncy.contains('button', 'Register').click();\ncy.get('input[formcontrolname=\"email\"]').type('gisele');\ncy.contains('ap-vmessage', 'Invalid e-mail').should('be.visible');",
              "err": {},
              "uuid": "cde57574-d2cb-47f0-8ce3-6553d2f90d63",
              "parentUUID": "ef16d7b5-c8fa-4d8f-b831-a4fe9db194f3",
              "isHook": false,
              "skipped": false
            },
            {
              "title": "Verifica a mensagem de full name ser menor que 2 caracteres",
              "fullTitle": "Login e registro de usuários Alura Pic Verifica a mensagem de full name ser menor que 2 caracteres",
              "timedOut": null,
              "duration": 1324,
              "state": "passed",
              "speed": "fast",
              "pass": true,
              "fail": false,
              "pending": false,
              "context": null,
              "code": "cy.contains('a', 'Register now').click();\ncy.contains('button', 'Register').click();\ncy.get('input[formcontrolname=\"fullName\"]').type('a');\ncy.contains('button', 'Register').click();\ncy.contains('ap-vmessage', 'Mininum length is 2').should('be.visible');",
              "err": {},
              "uuid": "9a14320a-204a-4c22-9a87-7d5e5e35d01e",
              "parentUUID": "ef16d7b5-c8fa-4d8f-b831-a4fe9db194f3",
              "isHook": false,
              "skipped": false
            },
            {
              "title": "Verifica a mensagem de user name precisar ser com caracteres minúsculos",
              "fullTitle": "Login e registro de usuários Alura Pic Verifica a mensagem de user name precisar ser com caracteres minúsculos",
              "timedOut": null,
              "duration": 1535,
              "state": "passed",
              "speed": "fast",
              "pass": true,
              "fail": false,
              "pending": false,
              "context": null,
              "code": "cy.contains('a', 'Register now').click();\ncy.contains('button', 'Register').click();\ncy.get('input[formcontrolname=\"userName\"]').type('Gisele');\ncy.contains('button', 'Register').click();\ncy.contains('ap-vmessage', 'Must be lower case').should('be.visible');",
              "err": {},
              "uuid": "a7af01c6-7cee-4934-99f1-77ab2d26d9ba",
              "parentUUID": "ef16d7b5-c8fa-4d8f-b831-a4fe9db194f3",
              "isHook": false,
              "skipped": false
            },
            {
              "title": "Verifica a mensagem de user name precisar ter pelo menos 2 caracteres",
              "fullTitle": "Login e registro de usuários Alura Pic Verifica a mensagem de user name precisar ter pelo menos 2 caracteres",
              "timedOut": null,
              "duration": 1219,
              "state": "passed",
              "speed": "fast",
              "pass": true,
              "fail": false,
              "pending": false,
              "context": null,
              "code": "cy.contains('a', 'Register now').click();\ncy.contains('button', 'Register').click();\ncy.get('input[formcontrolname=\"userName\"]').type('g');\ncy.contains('button', 'Register').click();\ncy.contains('ap-vmessage', 'Mininum length is 2').should('be.visible');",
              "err": {},
              "uuid": "3fc9ab01-78da-4e2a-a400-6060c91044bc",
              "parentUUID": "ef16d7b5-c8fa-4d8f-b831-a4fe9db194f3",
              "isHook": false,
              "skipped": false
            },
            {
              "title": "Verifica a mensagem de user name precisar ter pelo menos 2 caracteres e todos minúsculos",
              "fullTitle": "Login e registro de usuários Alura Pic Verifica a mensagem de user name precisar ter pelo menos 2 caracteres e todos minúsculos",
              "timedOut": null,
              "duration": 1406,
              "state": "passed",
              "speed": "fast",
              "pass": true,
              "fail": false,
              "pending": false,
              "context": null,
              "code": "cy.contains('a', 'Register now').click();\ncy.contains('button', 'Register').click();\ncy.get('input[formcontrolname=\"userName\"]').type('G');\ncy.contains('button', 'Register').click();\ncy.contains('ap-vmessage', 'Mininum length is 2').should('be.visible');\ncy.contains('ap-vmessage', 'Must be lower case').should('be.visible');",
              "err": {},
              "uuid": "d9753b64-484d-47db-b0ad-5cb10ce5f7af",
              "parentUUID": "ef16d7b5-c8fa-4d8f-b831-a4fe9db194f3",
              "isHook": false,
              "skipped": false
            },
            {
              "title": "Verifica a mensagem de senha menor que 8 caracteres",
              "fullTitle": "Login e registro de usuários Alura Pic Verifica a mensagem de senha menor que 8 caracteres",
              "timedOut": null,
              "duration": 1221,
              "state": "passed",
              "speed": "fast",
              "pass": true,
              "fail": false,
              "pending": false,
              "context": null,
              "code": "cy.contains('a', 'Register now').click();\ncy.contains('button', 'Register').click();\ncy.get('input[formcontrolname=\"password\"]').type('123');\ncy.contains('button', 'Register').click();\ncy.contains('ap-vmessage', 'Mininum length is 8').should('be.visible');",
              "err": {},
              "uuid": "838b935c-bd45-49bc-9ca9-1f4eef138d1e",
              "parentUUID": "ef16d7b5-c8fa-4d8f-b831-a4fe9db194f3",
              "isHook": false,
              "skipped": false
            }
          ],
          "suites": [],
          "passes": [
            "ff8ece9b-bedb-4234-b5a7-38a63b805724",
            "cde57574-d2cb-47f0-8ce3-6553d2f90d63",
            "9a14320a-204a-4c22-9a87-7d5e5e35d01e",
            "a7af01c6-7cee-4934-99f1-77ab2d26d9ba",
            "3fc9ab01-78da-4e2a-a400-6060c91044bc",
            "d9753b64-484d-47db-b0ad-5cb10ce5f7af",
            "838b935c-bd45-49bc-9ca9-1f4eef138d1e"
          ],
          "failures": [],
          "pending": [],
          "skipped": [],
          "duration": 12016,
          "root": false,
          "rootEmpty": false,
          "_timeout": 2000
        }
      ],
      "passes": [],
      "failures": [],
      "pending": [],
      "skipped": [],
      "duration": 0,
      "root": true,
      "rootEmpty": true,
      "_timeout": 2000
    }
  ],
  "meta": {
    "mocha": {
      "version": "7.0.1"
    },
    "mochawesome": {
      "options": {
        "quiet": false,
        "reportFilename": "mochawesome",
        "saveHtml": true,
        "saveJson": true,
        "consoleReporter": "spec",
        "useInlineDiffs": false,
        "code": true
      },
      "version": "7.1.3"
    },
    "marge": {
      "options": null,
      "version": "6.2.0"
    }
  }
}