{
  "stats": {
    "suites": 1,
    "tests": 7,
    "passes": 7,
    "pending": 0,
    "failures": 0,
    "start": "2023-01-12T23:52:52.630Z",
    "end": "2023-01-12T23:53:06.726Z",
    "duration": 14096,
    "testsRegistered": 7,
    "passPercent": 100,
    "pendingPercent": 0,
    "other": 0,
    "hasOther": false,
    "skipped": 0,
    "hasSkipped": false
  },
  "results": [
    {
      "uuid": "3b7b3083-86eb-495c-90cb-754322a34648",
      "title": "",
      "fullFile": "cypress\\e2e\\3-alura-pic\\alura-pic.cy.js",
      "file": "cypress\\e2e\\3-alura-pic\\alura-pic.cy.js",
      "beforeHooks": [],
      "afterHooks": [],
      "tests": [],
      "suites": [
        {
          "uuid": "e3b18c82-3029-4ea9-b0c3-16cbd4815d3e",
          "title": "Login e registro de usuários Alura Pic",
          "fullFile": "",
          "file": "",
          "beforeHooks": [],
          "afterHooks": [],
          "tests": [
            {
              "title": "Verifica as mensagens de validação de login",
              "fullTitle": "Login e registro de usuários Alura Pic Verifica as mensagens de validação de login",
              "timedOut": null,
              "duration": 2850,
              "state": "passed",
              "speed": "fast",
              "pass": true,
              "fail": false,
              "pending": false,
              "context": null,
              "code": "cy.contains('a', 'Register now').click();\ncy.contains('button', 'Register').click();\ncy.contains('ap-vmessage', 'Email is required!').should('be.visible');\ncy.contains('button', 'Register').click();\ncy.contains('ap-vmessage', 'Full name is required!').should('be.visible');\ncy.contains('ap-vmessage', 'User name is required!').should('be.visible');\ncy.contains('ap-vmessage', 'Password is required!').should('be.visible');",
              "err": {},
              "uuid": "1e19203b-a521-4171-a5d8-d14dd78a571f",
              "parentUUID": "e3b18c82-3029-4ea9-b0c3-16cbd4815d3e",
              "isHook": false,
              "skipped": false
            },
            {
              "title": "Verifica a mensagem de e-mail inválido",
              "fullTitle": "Login e registro de usuários Alura Pic Verifica a mensagem de e-mail inválido",
              "timedOut": null,
              "duration": 1182,
              "state": "passed",
              "speed": "fast",
              "pass": true,
              "fail": false,
              "pending": false,
              "context": null,
              "code": "cy.contains('a', 'Register now').click();\ncy.contains('button', 'Register').click();\ncy.get('input[formcontrolname=\"email\"]').type('gisele');\ncy.contains('ap-vmessage', 'Invalid e-mail').should('be.visible');",
              "err": {},
              "uuid": "3fc937fe-a08e-49ef-8eff-0b353a7b82fe",
              "parentUUID": "e3b18c82-3029-4ea9-b0c3-16cbd4815d3e",
              "isHook": false,
              "skipped": false
            },
            {
              "title": "Verifica a mensagem de full name ser menor que 2 caracteres",
              "fullTitle": "Login e registro de usuários Alura Pic Verifica a mensagem de full name ser menor que 2 caracteres",
              "timedOut": null,
              "duration": 1234,
              "state": "passed",
              "speed": "fast",
              "pass": true,
              "fail": false,
              "pending": false,
              "context": null,
              "code": "cy.contains('a', 'Register now').click();\ncy.contains('button', 'Register').click();\ncy.get('input[formcontrolname=\"fullName\"]').type('a');\ncy.contains('button', 'Register').click();\ncy.contains('ap-vmessage', 'Mininum length is 2').should('be.visible');",
              "err": {},
              "uuid": "ee054fa3-d6c6-45bb-94e3-c9437103169b",
              "parentUUID": "e3b18c82-3029-4ea9-b0c3-16cbd4815d3e",
              "isHook": false,
              "skipped": false
            },
            {
              "title": "Verifica a mensagem de user name precisar ser com caracteres minúsculos",
              "fullTitle": "Login e registro de usuários Alura Pic Verifica a mensagem de user name precisar ser com caracteres minúsculos",
              "timedOut": null,
              "duration": 2041,
              "state": "passed",
              "speed": "fast",
              "pass": true,
              "fail": false,
              "pending": false,
              "context": null,
              "code": "cy.contains('a', 'Register now').click();\ncy.contains('button', 'Register').click();\ncy.get('input[formcontrolname=\"userName\"]').type('Gisele');\ncy.contains('button', 'Register').click();\ncy.contains('ap-vmessage', 'Must be lower case').should('be.visible');",
              "err": {},
              "uuid": "79a38817-8c7a-4378-ab7d-66af860535a6",
              "parentUUID": "e3b18c82-3029-4ea9-b0c3-16cbd4815d3e",
              "isHook": false,
              "skipped": false
            },
            {
              "title": "Verifica a mensagem de user name precisar ter pelo menos 2 caracteres",
              "fullTitle": "Login e registro de usuários Alura Pic Verifica a mensagem de user name precisar ter pelo menos 2 caracteres",
              "timedOut": null,
              "duration": 1651,
              "state": "passed",
              "speed": "fast",
              "pass": true,
              "fail": false,
              "pending": false,
              "context": null,
              "code": "cy.contains('a', 'Register now').click();\ncy.contains('button', 'Register').click();\ncy.get('input[formcontrolname=\"userName\"]').type('g');\ncy.contains('button', 'Register').click();\ncy.contains('ap-vmessage', 'Mininum length is 2').should('be.visible');",
              "err": {},
              "uuid": "da1e2a80-d604-4176-99aa-991e26620eea",
              "parentUUID": "e3b18c82-3029-4ea9-b0c3-16cbd4815d3e",
              "isHook": false,
              "skipped": false
            },
            {
              "title": "Verifica a mensagem de user name precisar ter pelo menos 2 caracteres e todos minúsculos",
              "fullTitle": "Login e registro de usuários Alura Pic Verifica a mensagem de user name precisar ter pelo menos 2 caracteres e todos minúsculos",
              "timedOut": null,
              "duration": 1248,
              "state": "passed",
              "speed": "fast",
              "pass": true,
              "fail": false,
              "pending": false,
              "context": null,
              "code": "cy.contains('a', 'Register now').click();\ncy.contains('button', 'Register').click();\ncy.get('input[formcontrolname=\"userName\"]').type('G');\ncy.contains('button', 'Register').click();\ncy.contains('ap-vmessage', 'Mininum length is 2').should('be.visible');\ncy.contains('ap-vmessage', 'Must be lower case').should('be.visible');",
              "err": {},
              "uuid": "40d5bc94-560d-4617-91b2-4d82b02678aa",
              "parentUUID": "e3b18c82-3029-4ea9-b0c3-16cbd4815d3e",
              "isHook": false,
              "skipped": false
            },
            {
              "title": "Verifica a mensagem de senha menor que 8 caracteres",
              "fullTitle": "Login e registro de usuários Alura Pic Verifica a mensagem de senha menor que 8 caracteres",
              "timedOut": null,
              "duration": 1231,
              "state": "passed",
              "speed": "fast",
              "pass": true,
              "fail": false,
              "pending": false,
              "context": null,
              "code": "cy.contains('a', 'Register now').click();\ncy.contains('button', 'Register').click();\ncy.get('input[formcontrolname=\"password\"]').type('123');\ncy.contains('button', 'Register').click();\ncy.contains('ap-vmessage', 'Mininum length is 8').should('be.visible');",
              "err": {},
              "uuid": "42b9c7d6-dade-4735-972a-9596c90da1f7",
              "parentUUID": "e3b18c82-3029-4ea9-b0c3-16cbd4815d3e",
              "isHook": false,
              "skipped": false
            }
          ],
          "suites": [],
          "passes": [
            "1e19203b-a521-4171-a5d8-d14dd78a571f",
            "3fc937fe-a08e-49ef-8eff-0b353a7b82fe",
            "ee054fa3-d6c6-45bb-94e3-c9437103169b",
            "79a38817-8c7a-4378-ab7d-66af860535a6",
            "da1e2a80-d604-4176-99aa-991e26620eea",
            "40d5bc94-560d-4617-91b2-4d82b02678aa",
            "42b9c7d6-dade-4735-972a-9596c90da1f7"
          ],
          "failures": [],
          "pending": [],
          "skipped": [],
          "duration": 11437,
          "root": false,
          "rootEmpty": false,
          "_timeout": 2000
        }
      ],
      "passes": [],
      "failures": [],
      "pending": [],
      "skipped": [],
      "duration": 0,
      "root": true,
      "rootEmpty": true,
      "_timeout": 2000
    }
  ],
  "meta": {
    "mocha": {
      "version": "7.0.1"
    },
    "mochawesome": {
      "options": {
        "quiet": false,
        "reportFilename": "mochawesome",
        "saveHtml": true,
        "saveJson": true,
        "consoleReporter": "spec",
        "useInlineDiffs": false,
        "code": true
      },
      "version": "7.1.3"
    },
    "marge": {
      "options": null,
      "version": "6.2.0"
    }
  }
}